2025-01-02 17:00:13,722 [IoTDB-Shutdown-Hook] ERROR o.a.i.d.s.IoTDBShutdownHook:133 - Failed to borrow ConfigNodeClient 
org.apache.iotdb.commons.client.exception.ClientManagerException: net.sf.cglib.core.CodeGenerationException: org.apache.thrift.TException-->Fail to connect to any config node. Please check status of ConfigNodes or logs of connected DataNode
	at org.apache.iotdb.commons.client.ClientManager.borrowClient(ClientManager.java:55)
	at org.apache.iotdb.db.service.IoTDBShutdownHook.run(IoTDBShutdownHook.java:123)
Caused by: net.sf.cglib.core.CodeGenerationException: org.apache.thrift.TException-->Fail to connect to any config node. Please check status of ConfigNodes or logs of connected DataNode
	at net.sf.cglib.core.ReflectUtils.newInstance(ReflectUtils.java:298)
	at net.sf.cglib.proxy.Enhancer$EnhancerFactoryData.newInstance(Enhancer.java:448)
	at net.sf.cglib.proxy.Enhancer.nextInstance(Enhancer.java:700)
	at net.sf.cglib.core.AbstractClassGenerator.create(AbstractClassGenerator.java:298)
	at net.sf.cglib.proxy.Enhancer.createHelper(Enhancer.java:480)
	at net.sf.cglib.proxy.Enhancer.create(Enhancer.java:324)
	at org.apache.iotdb.commons.client.sync.SyncThriftClientWithErrorHandler.newErrorHandler(SyncThriftClientWithErrorHandler.java:47)
	at org.apache.iotdb.db.protocol.client.ConfigNodeClient$Factory.makeObject(ConfigNodeClient.java:1087)
	at org.apache.iotdb.db.protocol.client.ConfigNodeClient$Factory.makeObject(ConfigNodeClient.java:1069)
	at org.apache.commons.pool2.impl.GenericKeyedObjectPool.create(GenericKeyedObjectPool.java:780)
	at org.apache.commons.pool2.impl.GenericKeyedObjectPool.borrowObject(GenericKeyedObjectPool.java:439)
	at org.apache.commons.pool2.impl.GenericKeyedObjectPool.borrowObject(GenericKeyedObjectPool.java:350)
	at org.apache.iotdb.commons.client.ClientManager.borrowClient(ClientManager.java:53)
	... 1 common frames omitted
Caused by: org.apache.thrift.TException: Fail to connect to any config node. Please check status of ConfigNodes or logs of connected DataNode
	at org.apache.iotdb.db.protocol.client.ConfigNodeClient.tryToConnect(ConfigNodeClient.java:267)
	at org.apache.iotdb.db.protocol.client.ConfigNodeClient.connectAndSync(ConfigNodeClient.java:228)
	at org.apache.iotdb.db.protocol.client.ConfigNodeClient.<init>(ConfigNodeClient.java:202)
	at org.apache.iotdb.db.protocol.client.ConfigNodeClient$$EnhancerByCGLIB$$c22e8340.<init>(<generated>)
	at java.base/jdk.internal.reflect.NativeConstructorAccessorImpl.newInstance0(Native Method)
	at java.base/jdk.internal.reflect.NativeConstructorAccessorImpl.newInstance(Unknown Source)
	at java.base/jdk.internal.reflect.DelegatingConstructorAccessorImpl.newInstance(Unknown Source)
	at java.base/java.lang.reflect.Constructor.newInstance(Unknown Source)
	at net.sf.cglib.core.ReflectUtils.newInstance(ReflectUtils.java:291)
	... 13 common frames omitted
2025-01-02 17:00:13,742 [IoTDB-Shutdown-Hook] ERROR o.a.i.d.s.IoTDBShutdownHook:138 - Reporting DataNode shutdown failed. The cluster will still take the current DataNode as Running for a few seconds. 
