2025-01-02 16:45:55,871 [main] INFO  o.a.i.d.c.IoTDBDescriptor:180 - Start to read config file file:/iotdb/conf/iotdb-common.properties 
2025-01-02 16:45:55,878 [main] INFO  o.a.i.d.c.IoTDBDescriptor:200 - Start to read config file file:/iotdb/conf/iotdb-datanode.properties 
2025-01-02 16:45:55,881 [main] INFO  o.a.i.d.c.IoTDBDescriptor:1894 - initial allocateMemoryForRead = 924844032 
2025-01-02 16:45:55,881 [main] INFO  o.a.i.d.c.IoTDBDescriptor:1895 - initial allocateMemoryForWrite = 924844032 
2025-01-02 16:45:55,882 [main] INFO  o.a.i.d.c.IoTDBDescriptor:1896 - initial allocateMemoryForSchema = 308281344 
2025-01-02 16:45:55,883 [main] INFO  o.a.i.d.c.IoTDBDescriptor:1897 - initial allocateMemoryForConsensus = 308281344 
2025-01-02 16:45:55,884 [main] INFO  o.a.i.d.c.IoTDBDescriptor:1898 - initial allocateMemoryForPipe = 308281344 
2025-01-02 16:45:55,884 [main] INFO  o.a.i.d.c.IoTDBDescriptor:2061 - allocateMemoryForSchemaRegion = 154140672 
2025-01-02 16:45:55,885 [main] INFO  o.a.i.d.c.IoTDBDescriptor:2065 - allocateMemoryForSchemaCache = 123312537 
2025-01-02 16:45:55,885 [main] INFO  o.a.i.d.c.IoTDBDescriptor:2069 - allocateMemoryForPartitionCache = 30828134 
2025-01-02 16:45:55,888 [main] INFO  o.a.i.t.c.c.TSFileDescriptor:128 - try loading iotdb-common.properties from /iotdb/conf/iotdb-common.properties 
2025-01-02 16:45:55,897 [main] INFO  o.a.i.d.c.IoTDBDescriptor:1616 - MQTT host is not configured, will use dn_rpc_address. 
2025-01-02 16:45:55,926 [main] INFO  o.a.i.db.service.DataNode:181 - IoTDB-DataNode environment variables: 
	IOTDB_HOME=/iotdb;
	IOTDB_CONF=/iotdb/conf;
	IOTDB_DATA_HOME=/iotdb; 
2025-01-02 16:45:55,927 [main] INFO  o.a.i.db.service.DataNode:182 - IoTDB-DataNode default charset is: UTF-8 
2025-01-02 16:45:55,994 [main] INFO  o.a.i.c.c.IoTDBThreadPoolFactory:213 - new single scheduled thread pool: Stateful-Trigger-Information-Updater 
2025-01-02 16:45:55,997 [main] INFO  o.a.i.d.s.DataNodeServerCommandLine:77 - Running mode -s 
2025-01-02 16:45:55,998 [main] INFO  o.a.i.d.c.IoTDBStartCheck:136 - Starting IoTDB 1.3.2 (Build: aa0ff4a) 
2025-01-02 16:45:56,000 [main] INFO  o.a.i.c.s.StartupChecks:50 - Start JMX locally. 
2025-01-02 16:45:56,001 [main] INFO  o.a.i.c.s.StartupChecks:78 - JDK version is 11. 
2025-01-02 16:45:56,001 [main] INFO  o.a.i.c.s.StartupChecks:84 - JVM version is OpenJDK 64-Bit Server VM 11.0.24+8. 
2025-01-02 16:45:56,002 [main] INFO  o.a.i.d.c.DataNodeStartupCheck:56 - DataNode port check successful. 
2025-01-02 16:45:56,002 [main] INFO  o.a.i.db.service.DataNode:257 - The DataNode is prepared successfully, which takes 5 ms 
2025-01-02 16:45:56,004 [main] INFO  o.a.i.d.p.c.ConfigNodeInfo:168 - Load ConfigNode successfully: [TEndPoint(ip:iotdb, port:10710)], which takes 1 ms. 
2025-01-02 16:45:56,004 [main] INFO  o.a.i.db.service.DataNode:273 - Pulling system configurations from the ConfigNode-leader... 
2025-01-02 16:45:56,189 [main] INFO  o.a.i.db.service.DataNode:342 - Successfully pull system configurations from ConfigNode-leader, which takes 185 ms 
2025-01-02 16:45:56,190 [main] INFO  o.a.i.db.service.DataNode:483 - Sending restart request to ConfigNode-leader... 
2025-01-02 16:45:56,284 [main] INFO  o.a.i.c.c.IoTDBThreadPoolFactory:213 - new single scheduled thread pool: Pipe-Runtime-Periodical-Job-Executor 
2025-01-02 16:45:56,291 [main] INFO  o.a.i.c.c.IoTDBThreadPoolFactory:137 - new single thread pool: Pipe-Receiver-Air-Gap-Agent 
2025-01-02 16:45:56,293 [main] INFO  o.a.i.d.p.a.r.PipePeriodicalJobExecutor:75 - Pipe periodical job LoadTsFileManager#cleanupTasks is registered successfully. Interval: 440 seconds. 
2025-01-02 16:45:56,296 [main] INFO  o.a.i.db.service.DataNode:528 - Restart request to cluster: defaultCluster is accepted, which takes 106 ms. 
2025-01-02 16:45:56,315 [main] INFO  o.a.i.c.c.IoTDBThreadPoolFactory:213 - new single scheduled thread pool: IoTConsensusBackgroundTaskExecutor 
2025-01-02 16:45:56,324 [main] INFO  o.a.i.d.s.r.d.TierManager:175 - create folder /iotdb/data/datanode/data/sequence failed. Is the folder existed: true 
2025-01-02 16:45:56,325 [main] INFO  o.a.i.d.s.r.d.TierManager:175 - create folder /iotdb/data/datanode/data/unsequence failed. Is the folder existed: true 
2025-01-02 16:45:56,326 [main] INFO  o.a.i.d.s.r.d.TierManager:175 - create folder /iotdb/data/datanode/data/sequence failed. Is the folder existed: true 
2025-01-02 16:45:56,327 [main] INFO  o.a.i.d.s.r.d.TierManager:175 - create folder /iotdb/data/datanode/data/unsequence failed. Is the folder existed: true 
2025-01-02 16:45:56,327 [main] INFO  o.a.i.d.s.r.d.TierManager:163 - The folders is reset successfully, which takes 1 ms. 
2025-01-02 16:45:56,328 [main] INFO  o.a.i.db.service.DataNode:594 - Setting up IoTDB DataNode... 
2025-01-02 16:45:56,328 [main] INFO  o.a.i.c.s.RegisterManager:54 - The JMX ServerService service is started successfully, which takes 0 ms. 
2025-01-02 16:45:56,330 [main] INFO  o.a.i.c.u.s.UDFClassLoaderManager:54 - UDF lib root: /iotdb/ext/udf 
2025-01-02 16:45:56,341 [main] INFO  o.a.i.c.p.r.IoTDBReceiverAgent:118 - Clean pipe receiver dir /iotdb/data/datanode/system/pipe/receiver successfully. 
2025-01-02 16:45:56,342 [main] INFO  o.a.i.c.p.r.IoTDBReceiverAgent:125 - Create pipe receiver dir /iotdb/data/datanode/system/pipe/receiver successfully. 
2025-01-02 16:45:56,344 [main] INFO  o.a.i.d.p.p.SimpleConsensusProgressIndexAssigner:62 - Start SimpleConsensusProgressIndexAssigner ... 
2025-01-02 16:45:56,352 [main] INFO  o.a.i.db.service.DataNode:952 - Prepare pipe resources successfully, which takes 22 ms. 
2025-01-02 16:45:56,352 [main] INFO  o.a.i.db.service.DataNode:604 - Recover the schema... 
2025-01-02 16:45:56,442 [main] INFO  o.reflections.Reflections:219 - Reflections took 79 ms to scan 1 urls, producing 115 keys and 269 values 
2025-01-02 16:45:56,465 [main] INFO  o.a.i.d.s.SchemaEngine:106 - used schema engine mode: Memory. 
2025-01-02 16:45:56,677 [main] INFO  o.reflections.Reflections:219 - Reflections took 210 ms to scan 1 urls, producing 576 keys and 1927 values 
2025-01-02 16:45:56,820 [main] INFO  o.a.i.d.s.s.SchemaRegionLoader:111 - [SchemaRegionLoader], schemaEngineMode:Memory, currentMode:Memory 
2025-01-02 16:45:56,829 [main] INFO  o.a.i.c.c.IoTDBThreadPoolFactory:71 - new fixed thread pool: SchemaRegion-Recover-Task, thread number: 12 
2025-01-02 16:45:56,888 [pool-5-IoTDB-SchemaRegion-Recover-Task-1] INFO  o.a.i.c.c.IoTDBThreadPoolFactory:137 - new single thread pool: FlushTask-Submit-Pool 
2025-01-02 16:45:56,890 [pool-5-IoTDB-SchemaRegion-Recover-Task-1] INFO  o.a.i.d.s.s.i.SchemaRegionMemoryImpl:255 - create schema region folder /iotdb/data/datanode/system/schema/root.users/0 
2025-01-02 16:45:56,925 [pool-5-IoTDB-SchemaRegion-Recover-Task-1] INFO  o.a.i.d.s.SchemaEngine:287 - Recover [root.users.SchemaRegion[0]] spend: 48 ms 
2025-01-02 16:45:56,930 [main] INFO  o.a.i.db.service.DataNode:969 - Recover schema successfully, which takes 577 ms. 
2025-01-02 16:45:57,049 [main] INFO  o.a.i.c.c.IoTDBThreadPoolFactory:71 - new fixed thread pool: Flush, thread number: 12 
2025-01-02 16:45:57,050 [main] INFO  o.a.i.c.c.IoTDBThreadPoolFactory:170 - new cached thread pool: Flush-SubTask 
2025-01-02 16:45:57,051 [main] INFO  o.a.i.d.s.d.f.p.FlushSubTaskPoolManager:57 - Flush sub task manager started. 
2025-01-02 16:45:57,051 [main] INFO  o.a.i.d.s.d.f.p.FlushTaskPoolManager:60 - Flush task manager started. 
2025-01-02 16:45:57,052 [main] INFO  o.a.i.c.s.RegisterManager:54 - The Flush ServerService service is started successfully, which takes 2 ms. 
2025-01-02 16:45:57,053 [main] INFO  o.a.i.c.s.RegisterManager:54 - The CACHE_HIT_RATIO_DISPLAY_SERVICE service is started successfully, which takes 0 ms. 
2025-01-02 16:45:57,053 [main] INFO  o.a.i.c.c.IoTDBThreadPoolFactory:213 - new single scheduled thread pool: WAL-Delete 
2025-01-02 16:45:57,055 [main] INFO  o.a.i.c.s.RegisterManager:54 - The WAL ServerService service is started successfully, which takes 2 ms. 
2025-01-02 16:45:57,056 [main] INFO  o.a.i.c.c.IoTDBThreadPoolFactory:71 - new fixed thread pool: Compaction-Schedule, thread number: 4 
2025-01-02 16:45:57,058 [main] INFO  o.a.i.d.s.d.c.s.CompactionScheduleTaskManager:71 - Compaction schedule task manager started. 
2025-01-02 16:45:57,058 [main] INFO  o.a.i.c.s.RegisterManager:54 - The Compaction Schedule Manager service is started successfully, which takes 2 ms. 
2025-01-02 16:45:57,059 [main] INFO  o.a.i.c.c.IoTDBThreadPoolFactory:170 - new cached thread pool: StorageEngine 
2025-01-02 16:45:57,061 [main] INFO  o.a.i.d.s.d.w.r.WALRecoverManager:72 - Start recovering wal. 
2025-01-02 16:45:57,061 [main] INFO  o.a.i.d.s.d.w.r.WALRecoverManager:100 - Data regions have submitted all unsealed TsFiles, start recovering TsFiles in each wal node. 
2025-01-02 16:45:57,062 [main] INFO  o.a.i.d.s.d.w.r.WALRecoverManager:140 - Successfully recover all wal nodes. 
2025-01-02 16:45:57,062 [main] INFO  o.a.i.c.c.IoTDBThreadPoolFactory:213 - new single scheduled thread pool: TTL-CHECK 
2025-01-02 16:45:57,063 [main] INFO  o.a.i.d.s.StorageEngine:316 - start ttl check thread successfully. 
2025-01-02 16:45:57,063 [main] INFO  o.a.i.c.c.IoTDBThreadPoolFactory:213 - new single scheduled thread pool: Timed-Flush-Seq-Memtable 
2025-01-02 16:45:57,064 [main] INFO  o.a.i.d.s.StorageEngine:347 - start sequence memtable timed flush check thread successfully. 
2025-01-02 16:45:57,064 [main] INFO  o.a.i.c.c.IoTDBThreadPoolFactory:213 - new single scheduled thread pool: Timed-Flush-Unseq-Memtable 
2025-01-02 16:45:57,065 [main] INFO  o.a.i.d.s.StorageEngine:360 - start unsequence memtable timed flush check thread successfully. 
2025-01-02 16:45:57,065 [main] INFO  o.a.i.c.s.RegisterManager:54 - The Storage Engine ServerService service is started successfully, which takes 7 ms. 
2025-01-02 16:45:57,066 [main] INFO  o.a.i.c.c.IoTDBThreadPoolFactory:262 - new thread pool: MPP-Data-Exchange-Task-Executors 
2025-01-02 16:45:57,070 [main] INFO  o.a.i.d.q.e.e.MPPDataExchangeService:74 - MPPDataExchangeManager init successfully 
2025-01-02 16:45:57,070 [main] INFO  o.a.i.c.s.ThriftService:110 - IoTDB: start MPP Data exchange manager... 
2025-01-02 16:45:57,076 [main] INFO  o.a.i.c.c.IoTDBThreadPoolFactory:270 - new SynchronousQueue thread pool: MPPDataExchangeRPC-Processor 
2025-01-02 16:45:57,077 [MPPDataExchangeRPC-Service] INFO  o.a.i.c.s.AbstractThriftServiceThread:302 - The MPP Data exchange manager service thread begin to run... 
2025-01-02 16:45:57,180 [main] INFO  o.a.i.c.s.ThriftService:136 - IoTDB: start MPP Data exchange manager successfully, listening on ip iotdb port 10740 
2025-01-02 16:45:57,181 [main] INFO  o.a.i.c.s.RegisterManager:54 - The MPP Data exchange manager service is started successfully, which takes 111 ms. 
2025-01-02 16:45:57,191 [main] INFO  o.a.i.c.c.IoTDBThreadPoolFactory:170 - new cached thread pool: Driver-Task-Scheduler-Notification 
2025-01-02 16:45:57,193 [main] INFO  o.a.i.c.s.RegisterManager:54 - The Fragment instance manager service is started successfully, which takes 7 ms. 
2025-01-02 16:45:57,194 [main] INFO  o.a.i.c.s.RegisterManager:54 - The Temporary Query Data File Service service is started successfully, which takes 0 ms. 
2025-01-02 16:45:57,196 [main] INFO  o.a.i.c.s.RegisterManager:54 - The UDF Classloader Manager Service service is started successfully, which takes 2 ms. 
2025-01-02 16:45:57,196 [main] INFO  o.a.i.db.service.DataNode:626 - IoTDB DataNode is setting up, some databases may not be ready now, please wait several seconds... 
2025-01-02 16:45:57,197 [main] INFO  o.a.i.db.service.DataNode:639 - Wait for all databases ready, which takes 0 ms. 
2025-01-02 16:45:57,202 [main] INFO  o.a.i.c.c.IoTDBThreadPoolFactory:170 - new cached thread pool: Region-Migrate-Pool 
2025-01-02 16:45:57,204 [main] INFO  o.a.i.d.s.RegionMigrateService$RegionMigratePool:236 - DataNode region migrate pool start 
2025-01-02 16:45:57,205 [main] INFO  o.a.i.d.s.RegionMigrateService:204 - Region migrate service start 
2025-01-02 16:45:57,205 [main] INFO  o.a.i.c.s.RegisterManager:54 - The Data Node Region Migrate service service is started successfully, which takes 3 ms. 
2025-01-02 16:45:57,211 [main] INFO  o.a.i.c.c.IoTDBThreadPoolFactory:71 - new fixed thread pool: Compaction-Worker, thread number: 10 
2025-01-02 16:45:57,212 [main] INFO  o.a.i.c.c.IoTDBThreadPoolFactory:71 - new fixed thread pool: Compaction-Sub-Task, thread number: 40 
2025-01-02 16:45:57,216 [main] INFO  o.a.i.d.s.d.c.s.CompactionTaskManager:135 - Compaction task manager started. 
2025-01-02 16:45:57,219 [main] INFO  o.a.i.c.s.RegisterManager:54 - The Compaction Manager service is started successfully, which takes 8 ms. 
2025-01-02 16:45:57,226 [main] INFO  o.a.i.c.s.c.SubscriptionConfig:71 - SubscriptionSubtaskExecutorMaxThreadNum: 5 
2025-01-02 16:45:57,227 [main] INFO  o.a.i.c.s.c.SubscriptionConfig:74 - SubscriptionMaxTabletsPerPrefetching: 16 
2025-01-02 16:45:57,228 [main] INFO  o.a.i.c.s.c.SubscriptionConfig:76 - SubscriptionPollMaxBlockingTimeMs: 500 
2025-01-02 16:45:57,229 [main] INFO  o.a.i.c.s.c.SubscriptionConfig:77 - SubscriptionSerializeMaxBlockingTimeMs: 100 
2025-01-02 16:45:57,229 [main] INFO  o.a.i.c.s.c.SubscriptionConfig:79 - SubscriptionLaunchRetryIntervalMs: 1000 
2025-01-02 16:45:57,230 [main] INFO  o.a.i.c.s.c.SubscriptionConfig:80 - SubscriptionRecycleUncommittedEventIntervalMs: 240000 
2025-01-02 16:45:57,231 [main] INFO  o.a.i.c.s.c.SubscriptionConfig:83 - SubscriptionDefaultPollTimeoutMs: 30000 
2025-01-02 16:45:57,232 [main] INFO  o.a.i.c.s.c.SubscriptionConfig:84 - SubscriptionMinPollTimeoutMs: 500 
2025-01-02 16:45:57,252 [main] INFO  o.a.i.c.s.RegisterManager:54 - The Subscription Runtime Agent service is started successfully, which takes 26 ms. 
2025-01-02 16:45:57,253 [main] INFO  o.a.i.c.p.c.PipeConfig:271 - PipeHardlinkBaseDirName: pipe 
2025-01-02 16:45:57,253 [main] INFO  o.a.i.c.p.c.PipeConfig:272 - PipeHardlinkTsFileDirName: tsfile 
2025-01-02 16:45:57,254 [main] INFO  o.a.i.c.p.c.PipeConfig:273 - PipeHardlinkWALDirName: wal 
2025-01-02 16:45:57,254 [main] INFO  o.a.i.c.p.c.PipeConfig:274 - PipeHardLinkWALEnabled: false 
2025-01-02 16:45:57,254 [main] INFO  o.a.i.c.p.c.PipeConfig:276 - PipeDataStructureTabletRowSize: 2048 
2025-01-02 16:45:57,255 [main] INFO  o.a.i.c.p.c.PipeConfig:277 - PipeDataStructureTabletMemoryBlockAllocationRejectThreshold: 0.4 
2025-01-02 16:45:57,255 [main] INFO  o.a.i.c.p.c.PipeConfig:281 - PipeSubtaskExecutorMaxThreadNum: 5 
2025-01-02 16:45:57,256 [main] INFO  o.a.i.c.p.c.PipeConfig:282 - PipeSubtaskExecutorBasicCheckPointIntervalByConsumedEventCount: 10000 
2025-01-02 16:45:57,257 [main] INFO  o.a.i.c.p.c.PipeConfig:285 - PipeSubtaskExecutorBasicCheckPointIntervalByTimeDuration: 10000 
2025-01-02 16:45:57,257 [main] INFO  o.a.i.c.p.c.PipeConfig:288 - PipeSubtaskExecutorPendingQueueMaxBlockingTimeMs: 1000 
2025-01-02 16:45:57,257 [main] INFO  o.a.i.c.p.c.PipeConfig:291 - PipeSubtaskExecutorCronHeartbeatEventIntervalSeconds: 20 
2025-01-02 16:45:57,258 [main] INFO  o.a.i.c.p.c.PipeConfig:295 - PipeExtractorAssignerDisruptorRingBufferSize: 65536 
2025-01-02 16:45:57,258 [main] INFO  o.a.i.c.p.c.PipeConfig:298 - PipeExtractorAssignerDisruptorRingBufferEntrySizeInBytes: 50 
2025-01-02 16:45:57,259 [main] INFO  o.a.i.c.p.c.PipeConfig:301 - PipeExtractorMatcherCacheSize: 1024 
2025-01-02 16:45:57,259 [main] INFO  o.a.i.c.p.c.PipeConfig:303 - PipeConnectorHandshakeTimeoutMs: 10000 
2025-01-02 16:45:57,260 [main] INFO  o.a.i.c.p.c.PipeConfig:304 - PipeConnectorTransferTimeoutMs: 900000 
2025-01-02 16:45:57,260 [main] INFO  o.a.i.c.p.c.PipeConfig:305 - PipeConnectorReadFileBufferSize: 8388608 
2025-01-02 16:45:57,260 [main] INFO  o.a.i.c.p.c.PipeConfig:306 - PipeConnectorRetryIntervalMs: 1000 
2025-01-02 16:45:57,260 [main] INFO  o.a.i.c.p.c.PipeConfig:307 - PipeConnectorPendingQueueSize: 256 
2025-01-02 16:45:57,261 [main] INFO  o.a.i.c.p.c.PipeConfig:308 - PipeConnectorRPCThriftCompressionEnabled: false 
2025-01-02 16:45:57,261 [main] INFO  o.a.i.c.p.c.PipeConfig:311 - PipeLeaderCacheMemoryUsagePercentage: 0.1 
2025-01-02 16:45:57,261 [main] INFO  o.a.i.c.p.c.PipeConfig:313 - PipeListeningQueueTransferSnapshotThreshold: 1000 
2025-01-02 16:45:57,262 [main] INFO  o.a.i.c.p.c.PipeConfig:316 - PipeSnapshotExecutionMaxBatchSize: 1000 
2025-01-02 16:45:57,262 [main] INFO  o.a.i.c.p.c.PipeConfig:318 - PipeAsyncConnectorSelectorNumber: 4 
2025-01-02 16:45:57,263 [main] INFO  o.a.i.c.p.c.PipeConfig:319 - PipeAsyncConnectorMaxClientNumber: 16 
2025-01-02 16:45:57,263 [main] INFO  o.a.i.c.p.c.PipeConfig:321 - SeperatedPipeHeartbeatEnabled: true 
2025-01-02 16:45:57,263 [main] INFO  o.a.i.c.p.c.PipeConfig:322 - PipeHeartbeatIntervalSecondsForCollectingPipeMeta: 100 
2025-01-02 16:45:57,264 [main] INFO  o.a.i.c.p.c.PipeConfig:325 - PipeMetaSyncerInitialSyncDelayMinutes: 3 
2025-01-02 16:45:57,264 [main] INFO  o.a.i.c.p.c.PipeConfig:327 - PipeMetaSyncerSyncIntervalMinutes: 3 
2025-01-02 16:45:57,264 [main] INFO  o.a.i.c.p.c.PipeConfig:328 - PipeMetaSyncerAutoRestartPipeCheckIntervalRound: 1 
2025-01-02 16:45:57,264 [main] INFO  o.a.i.c.p.c.PipeConfig:331 - PipeAutoRestartEnabled: true 
2025-01-02 16:45:57,265 [main] INFO  o.a.i.c.p.c.PipeConfig:333 - PipeAirGapReceiverEnabled: false 
2025-01-02 16:45:57,265 [main] INFO  o.a.i.c.p.c.PipeConfig:334 - PipeAirGapReceiverPort: 9780 
2025-01-02 16:45:57,265 [main] INFO  o.a.i.c.p.c.PipeConfig:336 - PipeMaxAllowedHistoricalTsFilePerDataRegion: 100 
2025-01-02 16:45:57,266 [main] INFO  o.a.i.c.p.c.PipeConfig:339 - PipeMaxAllowedPendingTsFileEpochPerDataRegion: 2 
2025-01-02 16:45:57,266 [main] INFO  o.a.i.c.p.c.PipeConfig:342 - PipeMaxAllowedPinnedMemTableCount: 50 
2025-01-02 16:45:57,266 [main] INFO  o.a.i.c.p.c.PipeConfig:343 - PipeMaxAllowedLinkedTsFileCount: 100 
2025-01-02 16:45:57,267 [main] INFO  o.a.i.c.p.c.PipeConfig:344 - PipeStuckRestartIntervalSeconds: 120 
2025-01-02 16:45:57,267 [main] INFO  o.a.i.c.p.c.PipeConfig:346 - PipeMetaReportMaxLogNumPerRound: 10 
2025-01-02 16:45:57,267 [main] INFO  o.a.i.c.p.c.PipeConfig:347 - PipeMetaReportMaxLogIntervalRounds: 36 
2025-01-02 16:45:57,267 [main] INFO  o.a.i.c.p.c.PipeConfig:348 - PipeTsFilePinMaxLogNumPerRound: 10 
2025-01-02 16:45:57,268 [main] INFO  o.a.i.c.p.c.PipeConfig:349 - PipeTsFilePinMaxLogIntervalRounds: 90 
2025-01-02 16:45:57,268 [main] INFO  o.a.i.c.p.c.PipeConfig:350 - PipeWalPinMaxLogNumPerRound: 10 
2025-01-02 16:45:57,268 [main] INFO  o.a.i.c.p.c.PipeConfig:351 - PipeWalPinMaxLogIntervalRounds: 90 
2025-01-02 16:45:57,269 [main] INFO  o.a.i.c.p.c.PipeConfig:353 - PipeMemoryManagementEnabled: true 
2025-01-02 16:45:57,269 [main] INFO  o.a.i.c.p.c.PipeConfig:354 - PipeMemoryAllocateMaxRetries: 10 
2025-01-02 16:45:57,269 [main] INFO  o.a.i.c.p.c.PipeConfig:355 - PipeMemoryAllocateRetryIntervalInMs: 1000 
2025-01-02 16:45:57,269 [main] INFO  o.a.i.c.p.c.PipeConfig:357 - PipeMemoryAllocateMinSizeInBytes: 32 
2025-01-02 16:45:57,270 [main] INFO  o.a.i.c.p.c.PipeConfig:358 - PipeMemoryAllocateForTsFileSequenceReaderInBytes: 2097152 
2025-01-02 16:45:57,270 [main] INFO  o.a.i.c.p.c.PipeConfig:361 - PipeMemoryExpanderIntervalSeconds: 180 
2025-01-02 16:45:57,270 [main] INFO  o.a.i.c.p.c.PipeConfig:363 - TwoStageAggregateMaxCombinerLiveTimeInMs: 480000 
2025-01-02 16:45:57,271 [main] INFO  o.a.i.c.p.c.PipeConfig:366 - TwoStageAggregateDataRegionInfoCacheTimeInMs: 180000 
2025-01-02 16:45:57,271 [main] INFO  o.a.i.c.p.c.PipeConfig:369 - TwoStageAggregateSenderEndPointsCacheInMs: 180000 
2025-01-02 16:45:57,278 [main] INFO  o.a.i.d.p.a.r.PipePeriodicalJobExecutor:75 - Pipe periodical job PipeTaskAgent#restartAllStuckPipes is registered successfully. Interval: 120 seconds. 
2025-01-02 16:45:57,279 [main] INFO  o.a.i.d.p.a.r.PipePeriodicalJobExecutor:92 - Pipe periodical job executor is started successfully. 
2025-01-02 16:45:57,279 [main] INFO  o.a.i.c.s.RegisterManager:54 - The Pipe Runtime Data Node Agent service is started successfully, which takes 26 ms. 
2025-01-02 16:45:57,280 [main] INFO  o.a.i.db.service.DataNode:565 - IoTDB DataNode has started. 
2025-01-02 16:45:57,337 [main] INFO  o.a.i.c.c.IoTDBThreadPoolFactory:213 - new single scheduled thread pool: RatisBgDiskGuardian 
2025-01-02 16:45:57,389 [main] INFO  o.a.r.m.MetricRegistriesLoader:64 - Loaded MetricRegistries class org.apache.iotdb.consensus.ratis.metrics.MetricRegistryManager 
2025-01-02 16:45:57,398 [main] INFO  o.a.ratis.conf.ConfUtils:46 - raft.rpc.type = GRPC (default) 
2025-01-02 16:45:57,400 [main] INFO  o.a.ratis.conf.ConfUtils:53 - raft.grpc.admin.host = null (fallback to raft.grpc.server.host) 
2025-01-02 16:45:57,401 [main] INFO  o.a.ratis.conf.ConfUtils:53 - raft.grpc.admin.port = 10750 (fallback to raft.grpc.server.port) 
2025-01-02 16:45:57,401 [main] INFO  o.a.ratis.conf.ConfUtils:53 - raft.grpc.client.host = null (fallback to raft.grpc.server.host) 
2025-01-02 16:45:57,401 [main] INFO  o.a.ratis.conf.ConfUtils:53 - raft.grpc.client.port = 10750 (fallback to raft.grpc.server.port) 
2025-01-02 16:45:57,402 [main] INFO  o.a.ratis.conf.ConfUtils:46 - raft.grpc.server.host = null (default) 
2025-01-02 16:45:57,402 [main] INFO  o.a.ratis.conf.ConfUtils:46 - raft.grpc.server.port = 10750 (custom) 
2025-01-02 16:45:57,402 [main] INFO  o.a.ratis.conf.ConfUtils:46 - raft.grpc.message.size.max = 512MB (=536870912) (custom) 
2025-01-02 16:45:57,403 [main] INFO  o.a.ratis.conf.ConfUtils:46 - raft.server.log.appender.buffer.byte-limit = 16777216 (custom) 
2025-01-02 16:45:57,403 [main] INFO  o.a.ratis.conf.ConfUtils:46 - raft.grpc.flow.control.window = 4194304 (custom) 
2025-01-02 16:45:57,404 [main] INFO  o.a.ratis.conf.ConfUtils:46 - raft.server.rpc.request.timeout = 10000ms (custom) 
2025-01-02 16:45:57,410 [main] INFO  o.a.ratis.conf.ConfUtils:46 - raft.grpc.server.heartbeat.channel = true (default) 
2025-01-02 16:45:57,414 [main] INFO  o.a.ratis.conf.ConfUtils:46 - raft.grpc.server.async.request.thread.pool.cached = true (default) 
2025-01-02 16:45:57,415 [main] INFO  o.a.ratis.conf.ConfUtils:46 - raft.grpc.server.async.request.thread.pool.size = 32 (default) 
2025-01-02 16:45:57,535 [main] INFO  o.a.ratis.conf.ConfUtils:46 - raft.datastream.type = DISABLED (default) 
2025-01-02 16:45:57,537 [main] INFO  o.a.ratis.conf.ConfUtils:46 - raft.server.sleep.deviation.threshold = 4000ms (custom) 
2025-01-02 16:45:57,537 [main] INFO  o.a.ratis.conf.ConfUtils:46 - raft.server.close.threshold = 2147483647s (custom) 
2025-01-02 16:45:57,537 [main] INFO  o.a.ratis.conf.ConfUtils:46 - raft.server.leaderelection.leader.step-down.wait-time = 30s (custom) 
2025-01-02 16:45:57,540 [main] INFO  o.a.ratis.conf.ConfUtils:46 - raft.server.storage.dir = [/iotdb/data/datanode/consensus/schema_region] (custom) 
2025-01-02 16:45:57,540 [main] INFO  o.a.ratis.conf.ConfUtils:46 - raft.server.threadpool.proxy.cached = true (default) 
2025-01-02 16:45:57,540 [main] INFO  o.a.ratis.conf.ConfUtils:46 - raft.server.threadpool.proxy.size = 0 (default) 
2025-01-02 16:45:57,543 [1-impl-thread1] INFO  o.a.r.s.i.RaftServerProxy:266 - 1: found a subdirectory /iotdb/data/datanode/consensus/schema_region/47474747-4747-4747-4747-000200000000 
2025-01-02 16:45:57,547 [1-impl-thread1] INFO  o.a.r.s.i.RaftServerProxy$ImplMap:101 - 1: addNew group-000200000000:[] returns group-000200000000:java.util.concurrent.CompletableFuture@9357e13[Not completed] 
2025-01-02 16:45:57,561 [1-groupManagement] INFO  o.a.i.c.c.IoTDBThreadPoolFactory:233 - new scheduled thread pool: Fragment-Instance-Management 
2025-01-02 16:45:57,562 [1-groupManagement] INFO  o.a.i.c.c.IoTDBThreadPoolFactory:71 - new fixed thread pool: Fragment-Instance-Notification, thread number: 4 
2025-01-02 16:45:57,563 [1-groupManagement] INFO  o.a.i.c.c.IoTDBThreadPoolFactory:71 - new fixed thread pool: into-operation-executor, thread number: 2 
2025-01-02 16:45:57,567 [1-groupManagement] INFO  o.a.r.s.i.RaftServerImpl:253 - 1: new RaftServerImpl for group-000200000000:[] with ApplicationStateMachineProxy:uninitialized 
2025-01-02 16:45:57,568 [1-groupManagement] INFO  o.a.ratis.conf.ConfUtils:46 - raft.server.rpc.timeout.min = 2000ms (custom) 
2025-01-02 16:45:57,568 [1-groupManagement] INFO  o.a.ratis.conf.ConfUtils:46 - raft.server.rpc.timeout.max = 4000ms (custom) 
2025-01-02 16:45:57,569 [1-groupManagement] INFO  o.a.ratis.conf.ConfUtils:46 - raft.server.rpc.sleep.time = 1s (custom) 
2025-01-02 16:45:57,569 [1-groupManagement] INFO  o.a.ratis.conf.ConfUtils:46 - raft.server.rpc.slowness.timeout = 60000ms (default) 
2025-01-02 16:45:57,569 [1-groupManagement] INFO  o.a.ratis.conf.ConfUtils:46 - raft.server.leaderelection.leader.step-down.wait-time = 30s (custom) 
2025-01-02 16:45:57,570 [1-groupManagement] INFO  o.a.ratis.conf.ConfUtils:46 - raft.server.leaderelection.member.majority-add = false (default) 
2025-01-02 16:45:57,570 [1-groupManagement] INFO  o.a.ratis.conf.ConfUtils:46 - raft.server.sleep.deviation.threshold = 4000ms (custom) 
2025-01-02 16:45:57,573 [1-groupManagement] INFO  o.a.r.s.impl.ServerState:114 - 1@group-000200000000: ConfigurationManager, init=conf: {index: -1, cur=peers:[]|listeners:[], old=null}, confs=<EMPTY_MAP> 
2025-01-02 16:45:57,576 [1-groupManagement] INFO  o.a.ratis.conf.ConfUtils:46 - raft.server.notification.no-leader.timeout = 60s (default) 
2025-01-02 16:45:57,577 [1-groupManagement] INFO  o.a.ratis.conf.ConfUtils:46 - raft.server.read.timeout = 60000ms (custom) 
2025-01-02 16:45:57,580 [1-groupManagement] INFO  o.a.ratis.conf.ConfUtils:46 - raft.server.retrycache.expirytime = 142700ms (custom) 
2025-01-02 16:45:57,580 [1-groupManagement] INFO  o.a.ratis.conf.ConfUtils:46 - raft.server.retrycache.statistics.expirytime = 100ms (default) 
2025-01-02 16:45:57,582 [1-groupManagement] INFO  o.a.ratis.conf.ConfUtils:46 - raft.server.read.option = LINEARIZABLE (custom) 
2025-01-02 16:45:57,583 [1-groupManagement] INFO  o.a.ratis.conf.ConfUtils:46 - raft.server.read.read-after-write-consistent.write-index-cache.expiry-time = 60s (default) 
2025-01-02 16:45:57,593 [1-groupManagement] INFO  o.a.ratis.conf.ConfUtils:46 - raft.server.rpc.request.timeout = 10000ms (custom) 
2025-01-02 16:45:57,594 [1-groupManagement] INFO  o.a.ratis.conf.ConfUtils:46 - raft.server.log.appender.install.snapshot.enabled = true (default) 
2025-01-02 16:45:57,595 [1-groupManagement] INFO  o.a.ratis.conf.ConfUtils:46 - raft.server.threadpool.server.cached = true (default) 
2025-01-02 16:45:57,595 [1-groupManagement] INFO  o.a.ratis.conf.ConfUtils:46 - raft.server.threadpool.server.size = 0 (default) 
2025-01-02 16:45:57,595 [1-groupManagement] INFO  o.a.ratis.conf.ConfUtils:46 - raft.server.threadpool.client.cached = true (default) 
2025-01-02 16:45:57,596 [1-groupManagement] INFO  o.a.ratis.conf.ConfUtils:46 - raft.server.threadpool.client.size = 0 (default) 
2025-01-02 16:45:57,597 [1-impl-thread1] INFO  o.a.ratis.conf.ConfUtils:46 - raft.server.storage.free-space.min = 0MB (=0) (default) 
2025-01-02 16:45:57,597 [1-impl-thread1] INFO  o.a.ratis.conf.ConfUtils:46 - raft.server.log.corruption.policy = WARN_AND_RETURN (custom) 
2025-01-02 16:45:57,597 [1-impl-thread1] INFO  o.a.ratis.conf.ConfUtils:46 - raft.server.storage.dir = [/iotdb/data/datanode/consensus/schema_region] (custom) 
2025-01-02 16:45:57,602 [1-impl-thread1] INFO  o.a.r.s.s.RaftStorageDirectoryImpl:229 - Lock on /iotdb/data/datanode/consensus/schema_region/47474747-4747-4747-4747-000200000000/in_use.lock acquired by nodename 7@iotdb 
2025-01-02 16:45:57,605 [1-impl-thread1] INFO  o.a.r.s.s.RaftStorageImpl:118 - Read RaftStorageMetadata{term=5, votedFor=1} from /iotdb/data/datanode/consensus/schema_region/47474747-4747-4747-4747-000200000000/current/raft-meta 
2025-01-02 16:45:57,620 [1-impl-thread1] INFO  o.a.r.s.impl.ServerState:386 - 1@group-000200000000: set configuration conf: {index: 15, cur=peers:[1|iotdb:10750]|listeners:[], old=null} 
2025-01-02 16:45:57,625 [1-impl-thread1] INFO  o.a.i.d.s.s.i.SchemaRegionMemoryImpl:466 - Start loading snapshot of schemaRegion SchemaRegion[0] 
2025-01-02 16:45:57,628 [1-impl-thread1] INFO  o.a.i.d.s.s.i.SchemaRegionMemoryImpl:476 - Tag snapshot loading of schemaRegion SchemaRegion[0] costs 2ms. 
2025-01-02 16:45:57,637 [1-impl-thread1] INFO  o.a.i.d.s.s.i.SchemaRegionMemoryImpl:513 - MTree snapshot loading of schemaRegion SchemaRegion[0] costs 9ms. 
2025-01-02 16:45:57,637 [1-impl-thread1] INFO  o.a.i.d.s.s.i.SchemaRegionMemoryImpl:521 - Snapshot loading of schemaRegion SchemaRegion[0] costs 11ms. 
2025-01-02 16:45:57,638 [1-impl-thread1] INFO  o.a.i.d.s.s.i.SchemaRegionMemoryImpl:525 - Successfully load snapshot of schemaRegion SchemaRegion[0] 
2025-01-02 16:45:57,649 [1-impl-thread1] INFO  o.a.i.d.p.a.r.PipePeriodicalJobExecutor:75 - Pipe periodical job PipeTsFileResourceManager#ttlCheck() is registered successfully. Interval: 20 seconds. 
2025-01-02 16:45:57,651 [1-impl-thread1] INFO  o.a.i.d.p.a.r.PipePeriodicalJobExecutor:75 - Pipe periodical job PipeMemoryManager#tryExpandAll() is registered successfully. Interval: 180 seconds. 
2025-01-02 16:45:57,667 [1-impl-thread1] INFO  o.a.ratis.conf.ConfUtils:46 - raft.server.log.use.memory = false (default) 
2025-01-02 16:45:57,676 [1-impl-thread1] INFO  o.a.ratis.conf.ConfUtils:46 - raft.server.log.purge.gap = 1024 (default) 
2025-01-02 16:45:57,676 [1-impl-thread1] INFO  o.a.ratis.conf.ConfUtils:46 - raft.server.log.appender.buffer.byte-limit = 16777216 (custom) 
2025-01-02 16:45:57,678 [1-impl-thread1] INFO  o.a.ratis.conf.ConfUtils:46 - raft.server.log.statemachine.data.read.timeout = 1000ms (default) 
2025-01-02 16:45:57,679 [1-impl-thread1] INFO  o.a.ratis.conf.ConfUtils:46 - raft.server.log.purge.preservation.log.num = 1000 (custom) 
2025-01-02 16:45:57,681 [1-impl-thread1] INFO  o.a.ratis.conf.ConfUtils:46 - raft.server.log.segment.size.max = 25165824 (custom) 
2025-01-02 16:45:57,684 [1-impl-thread1] INFO  o.a.ratis.conf.ConfUtils:46 - raft.server.log.segment.cache.num.max = 2 (custom) 
2025-01-02 16:45:57,685 [1-impl-thread1] INFO  o.a.ratis.conf.ConfUtils:46 - raft.server.log.segment.cache.size.max = 200MB (=209715200) (custom) 
2025-01-02 16:45:57,685 [1-impl-thread1] INFO  o.a.ratis.conf.ConfUtils:46 - raft.server.log.appender.buffer.byte-limit = 16777216 (custom) 
2025-01-02 16:45:57,687 [1-impl-thread1] INFO  o.a.ratis.util.AwaitToRun:81 - Thread[1@group-000200000000-cacheEviction-AwaitToRun,5,main] started 
2025-01-02 16:45:57,691 [1-impl-thread1] INFO  o.a.r.s.r.s.SegmentedRaftLogWorker:184 - new 1@group-000200000000-SegmentedRaftLogWorker for RaftStorageImpl:Storage Directory /iotdb/data/datanode/consensus/schema_region/47474747-4747-4747-4747-000200000000 
2025-01-02 16:45:57,691 [1-impl-thread1] INFO  o.a.ratis.conf.ConfUtils:46 - raft.server.log.queue.byte-limit = 64MB (=67108864) (custom) 
2025-01-02 16:45:57,691 [1-impl-thread1] INFO  o.a.ratis.conf.ConfUtils:46 - raft.server.log.queue.element-limit = 4096 (default) 
2025-01-02 16:45:57,693 [1-impl-thread1] INFO  o.a.ratis.conf.ConfUtils:46 - raft.server.log.segment.size.max = 25165824 (custom) 
2025-01-02 16:45:57,693 [1-impl-thread1] INFO  o.a.ratis.conf.ConfUtils:46 - raft.server.log.preallocated.size = 4MB (=4194304) (custom) 
2025-01-02 16:45:57,693 [1-impl-thread1] INFO  o.a.ratis.conf.ConfUtils:46 - raft.server.log.force.sync.num = 128 (default) 
2025-01-02 16:45:57,694 [1-impl-thread1] INFO  o.a.ratis.conf.ConfUtils:46 - raft.server.log.statemachine.data.sync = true (default) 
2025-01-02 16:45:57,694 [1-impl-thread1] INFO  o.a.ratis.conf.ConfUtils:46 - raft.server.log.statemachine.data.sync.timeout = 10s (default) 
2025-01-02 16:45:57,695 [1-impl-thread1] INFO  o.a.ratis.conf.ConfUtils:46 - raft.server.log.statemachine.data.sync.timeout.retry = -1 (default) 
2025-01-02 16:45:57,696 [1-impl-thread1] INFO  o.a.ratis.conf.ConfUtils:46 - raft.server.log.write.buffer.size = 16777224 (custom) 
2025-01-02 16:45:57,701 [1-impl-thread1] INFO  o.a.ratis.conf.ConfUtils:46 - raft.server.log.appender.buffer.byte-limit = 16777216 (custom) 
2025-01-02 16:45:57,701 [1-impl-thread1] INFO  o.a.ratis.conf.ConfUtils:46 - raft.server.log.unsafe-flush.enabled = false (default) 
2025-01-02 16:45:57,701 [1-impl-thread1] INFO  o.a.ratis.conf.ConfUtils:46 - raft.server.log.async-flush.enabled = false (default) 
2025-01-02 16:45:57,701 [1-impl-thread1] INFO  o.a.ratis.conf.ConfUtils:46 - raft.server.log.statemachine.data.caching.enabled = false (default) 
2025-01-02 16:45:57,718 [1-impl-thread1] INFO  o.a.r.s.impl.ServerState:386 - 1@group-000200000000: set configuration conf: {index: 0, cur=peers:[1|iotdb:10750]|listeners:[], old=null} 
2025-01-02 16:45:57,721 [1-impl-thread1] INFO  o.a.r.s.r.s.LogSegment:175 - Successfully read 3 entries from segment file /iotdb/data/datanode/consensus/schema_region/47474747-4747-4747-4747-000200000000/current/log_0-2 
2025-01-02 16:45:57,723 [1-impl-thread1] INFO  o.a.r.s.impl.ServerState:386 - 1@group-000200000000: set configuration conf: {index: 3, cur=peers:[1|iotdb:10750]|listeners:[], old=null} 
2025-01-02 16:45:57,723 [1-impl-thread1] INFO  o.a.r.s.r.s.LogSegment:175 - Successfully read 4 entries from segment file /iotdb/data/datanode/consensus/schema_region/47474747-4747-4747-4747-000200000000/current/log_3-6 
2025-01-02 16:45:57,724 [1-impl-thread1] INFO  o.a.r.s.impl.ServerState:386 - 1@group-000200000000: set configuration conf: {index: 7, cur=peers:[1|iotdb:10750]|listeners:[], old=null} 
2025-01-02 16:45:57,725 [1-impl-thread1] INFO  o.a.r.s.r.s.LogSegment:175 - Successfully read 4 entries from segment file /iotdb/data/datanode/consensus/schema_region/47474747-4747-4747-4747-000200000000/current/log_7-10 
2025-01-02 16:45:57,726 [1-impl-thread1] INFO  o.a.r.s.impl.ServerState:386 - 1@group-000200000000: set configuration conf: {index: 11, cur=peers:[1|iotdb:10750]|listeners:[], old=null} 
2025-01-02 16:45:57,727 [1-impl-thread1] INFO  o.a.r.s.r.s.LogSegment:175 - Successfully read 4 entries from segment file /iotdb/data/datanode/consensus/schema_region/47474747-4747-4747-4747-000200000000/current/log_11-14 
2025-01-02 16:45:57,728 [1-impl-thread1] INFO  o.a.r.s.impl.ServerState:386 - 1@group-000200000000: set configuration conf: {index: 15, cur=peers:[1|iotdb:10750]|listeners:[], old=null} 
2025-01-02 16:45:57,728 [1-impl-thread1] INFO  o.a.r.s.r.s.LogSegment:175 - Successfully read 4 entries from segment file /iotdb/data/datanode/consensus/schema_region/47474747-4747-4747-4747-000200000000/current/log_inprogress_15 
2025-01-02 16:45:57,729 [1-impl-thread1] INFO  o.a.r.s.r.s.SegmentedRaftLogWorker:135 - 1@group-000200000000-SegmentedRaftLogWorker: flushIndex: setUnconditionally 0 -> 18 
2025-01-02 16:45:57,729 [1-impl-thread1] INFO  o.a.r.s.r.s.SegmentedRaftLogWorker:135 - 1@group-000200000000-SegmentedRaftLogWorker: safeCacheEvictIndex: setUnconditionally 0 -> 14 
2025-01-02 16:45:57,738 [1-impl-thread1] INFO  o.a.r.s.r.s.BufferedWriteChannel:61 - open log_inprogress_15 (append) at position 109 
2025-01-02 16:45:57,739 [1-impl-thread1] INFO  o.a.r.s.i.RaftServerImpl:389 - 1@group-000200000000: start as a follower, conf=conf: {index: 15, cur=peers:[1|iotdb:10750]|listeners:[], old=null} 
2025-01-02 16:45:57,739 [1-impl-thread1] INFO  o.a.r.s.i.RaftServerImpl:376 - 1@group-000200000000: changes role from      null to FOLLOWER at term 5 for startAsFollower 
2025-01-02 16:45:57,740 [1-impl-thread1] INFO  o.a.r.s.impl.RoleInfo:148 - 1: start 1@group-000200000000-FollowerState 
2025-01-02 16:45:57,740 [1@group-000200000000-FollowerState] INFO  o.a.ratis.conf.ConfUtils:46 - raft.server.rpc.first-election.timeout.min = 50ms (custom) 
2025-01-02 16:45:57,740 [1@group-000200000000-FollowerState] INFO  o.a.ratis.conf.ConfUtils:46 - raft.server.rpc.first-election.timeout.max = 150ms (custom) 
2025-01-02 16:45:57,742 [1-impl-thread1] INFO  o.a.r.util.JmxRegister:44 - Successfully registered JMX Bean with object name Ratis:service=RaftServer,group=group-000200000000,id=1 
2025-01-02 16:45:57,742 [1-impl-thread1] INFO  o.a.r.util.JmxRegister:58 - register mxBean class org.apache.ratis.server.impl.RaftServerJmxAdapter as Ratis:service=RaftServer,group=group-000200000000,id=1 
2025-01-02 16:45:57,743 [1-impl-thread1] INFO  o.a.ratis.conf.ConfUtils:46 - raft.server.snapshot.trigger-when-stop.enabled = true (default) 
2025-01-02 16:45:57,744 [1-impl-thread1] INFO  o.a.ratis.conf.ConfUtils:46 - raft.server.snapshot.trigger-when-remove.enabled = false (custom) 
2025-01-02 16:45:57,744 [1-impl-thread1] INFO  o.a.ratis.conf.ConfUtils:46 - raft.server.snapshot.auto.trigger.enabled = true (custom) 
2025-01-02 16:45:57,745 [1-impl-thread1] INFO  o.a.ratis.conf.ConfUtils:46 - raft.server.snapshot.auto.trigger.threshold = 400000 (default) 
2025-01-02 16:45:57,746 [1-impl-thread1] INFO  o.a.ratis.conf.ConfUtils:46 - raft.server.snapshot.retention.file.num = 2 (custom) 
2025-01-02 16:45:57,746 [1-impl-thread1] INFO  o.a.ratis.conf.ConfUtils:46 - raft.server.log.purge.upto.snapshot.index = true (custom) 
2025-01-02 16:45:57,748 [main] INFO  o.a.r.s.i.RaftServerProxy:408 - 1: start RPC server 
2025-01-02 16:45:57,781 [main] INFO  o.a.r.g.s.GrpcService:302 - 1: GrpcService started, listening on 10750 
2025-01-02 16:45:57,782 [JvmPauseMonitor0] INFO  o.a.r.u.JvmPauseMonitor:146 - JvmPauseMonitor-1: Started 
2025-01-02 16:45:57,783 [main] INFO  o.a.i.db.service.DataNode:571 - SchemaRegion consensus start successfully, which takes 503 ms. 
2025-01-02 16:45:57,785 [main] INFO  o.a.i.c.s.ThriftService:110 - IoTDB: start IoTConsensus Service... 
2025-01-02 16:45:57,790 [main] INFO  o.a.i.c.c.IoTDBThreadPoolFactory:289 - new SynchronousQueue thread pool: IoTConsensusRPC-Processor 
2025-01-02 16:45:57,791 [IoTConsensusRPC-Service] INFO  o.a.i.c.s.AbstractThriftServiceThread:302 - The IoTConsensus Service service thread begin to run... 
2025-01-02 16:45:57,845 [1@group-000200000000-FollowerState] INFO  o.a.r.s.i.FollowerState:144 - 1@group-000200000000-FollowerState: change to CANDIDATE, lastRpcElapsedTime:105851459ns, electionTimeout:98ms 
2025-01-02 16:45:57,846 [1@group-000200000000-FollowerState] INFO  o.a.r.s.impl.RoleInfo:119 - 1: shutdown 1@group-000200000000-FollowerState 
2025-01-02 16:45:57,846 [1@group-000200000000-FollowerState] INFO  o.a.r.s.i.RaftServerImpl:376 - 1@group-000200000000: changes role from  FOLLOWER to CANDIDATE at term 5 for changeToCandidate 
2025-01-02 16:45:57,851 [1@group-000200000000-FollowerState] INFO  o.a.ratis.conf.ConfUtils:46 - raft.server.leaderelection.pre-vote = true (default) 
2025-01-02 16:45:57,851 [1@group-000200000000-FollowerState] INFO  o.a.r.s.impl.RoleInfo:148 - 1: start 1@group-000200000000-LeaderElection1 
2025-01-02 16:45:57,853 [1@group-000200000000-LeaderElection1] INFO  o.a.r.s.i.LeaderElection:321 - 1@group-000200000000-LeaderElection1 PRE_VOTE round 0: submit vote requests at term 5 for conf: {index: 15, cur=peers:[1|iotdb:10750]|listeners:[], old=null} 
2025-01-02 16:45:57,853 [1@group-000200000000-LeaderElection1] INFO  o.a.r.s.i.LeaderElection:323 - 1@group-000200000000-LeaderElection1 PRE_VOTE round 0: result PASSED (term=5) 
2025-01-02 16:45:57,870 [1@group-000200000000-LeaderElection1] INFO  o.a.r.s.i.LeaderElection:321 - 1@group-000200000000-LeaderElection1 ELECTION round 0: submit vote requests at term 6 for conf: {index: 15, cur=peers:[1|iotdb:10750]|listeners:[], old=null} 
2025-01-02 16:45:57,871 [1@group-000200000000-LeaderElection1] INFO  o.a.r.s.i.LeaderElection:323 - 1@group-000200000000-LeaderElection1 ELECTION round 0: result PASSED (term=6) 
2025-01-02 16:45:57,872 [1@group-000200000000-LeaderElection1] INFO  o.a.r.s.impl.RoleInfo:139 - 1: shutdown 1@group-000200000000-LeaderElection1 
2025-01-02 16:45:57,874 [1@group-000200000000-LeaderElection1] INFO  o.a.r.s.i.RaftServerImpl:376 - 1@group-000200000000: changes role from CANDIDATE to LEADER at term 6 for changeToLeader 
2025-01-02 16:45:57,879 [1@group-000200000000-LeaderElection1] INFO  o.a.ratis.conf.ConfUtils:46 - raft.server.staging.catchup.gap = 1000 (default) 
2025-01-02 16:45:57,883 [1@group-000200000000-LeaderElection1] INFO  o.a.ratis.conf.ConfUtils:46 - raft.server.write.element-limit = 4096 (default) 
2025-01-02 16:45:57,884 [1@group-000200000000-LeaderElection1] INFO  o.a.ratis.conf.ConfUtils:46 - raft.server.write.byte-limit = 64MB (=67108864) (default) 
2025-01-02 16:45:57,886 [1@group-000200000000-LeaderElection1] INFO  o.a.ratis.conf.ConfUtils:46 - raft.server.watch.timeout = 10s (default) 
2025-01-02 16:45:57,886 [1@group-000200000000-LeaderElection1] INFO  o.a.ratis.conf.ConfUtils:46 - raft.server.watch.timeout.denomination = 1s (default) 
2025-01-02 16:45:57,887 [1@group-000200000000-LeaderElection1] INFO  o.a.ratis.conf.ConfUtils:46 - raft.server.watch.element-limit = 65536 (default) 
2025-01-02 16:45:57,891 [1@group-000200000000-LeaderElection1] INFO  o.a.ratis.conf.ConfUtils:46 - raft.server.read.leader.lease.enabled = false (default) 
2025-01-02 16:45:57,891 [main] INFO  o.a.i.c.s.ThriftService:136 - IoTDB: start IoTConsensus Service successfully, listening on ip iotdb port 10760 
2025-01-02 16:45:57,892 [1@group-000200000000-LeaderElection1] INFO  o.a.ratis.conf.ConfUtils:46 - raft.server.read.leader.lease.timeout.ratio = 0.9 (default) 
2025-01-02 16:45:57,892 [main] INFO  o.a.i.c.s.RegisterManager:54 - The IoTConsensus Service service is started successfully, which takes 107 ms. 
2025-01-02 16:45:57,892 [1@group-000200000000-LeaderElection1] INFO  o.a.ratis.conf.ConfUtils:46 - raft.server.rpc.timeout.min = 2000ms (custom) 
2025-01-02 16:45:57,892 [main] INFO  o.a.i.db.service.DataNode:577 - DataRegion consensus start successfully, which takes 109 ms. 
2025-01-02 16:45:57,892 [1@group-000200000000-LeaderElection1] INFO  o.a.ratis.conf.ConfUtils:46 - raft.server.log.log-metadata.enabled = true (default) 
2025-01-02 16:45:57,892 [main] INFO  o.a.i.c.s.m.MetricService:99 - MetricService start to init. 
2025-01-02 16:45:57,893 [1@group-000200000000-LeaderElection1] INFO  o.a.ratis.conf.ConfUtils:46 - raft.server.write.element-limit = 4096 (default) 
2025-01-02 16:45:57,893 [main] INFO  o.a.i.m.AbstractMetricService:93 - Start metric service at level: CORE 
2025-01-02 16:45:57,893 [1@group-000200000000-LeaderElection1] INFO  o.a.ratis.conf.ConfUtils:46 - raft.server.write.follower.gap.ratio.max = -1.0 (default) 
2025-01-02 16:45:57,894 [1@group-000200000000-LeaderElection1] INFO  o.a.r.s.impl.RoleInfo:148 - 1: start 1@group-000200000000-LeaderStateImpl 
2025-01-02 16:45:57,894 [1@group-000200000000-LeaderElection1] INFO  o.a.r.s.i.RaftServerImpl:549 - 1@group-000200000000: set firstElectionSinceStartup to false for becomeLeader 
2025-01-02 16:45:57,895 [1@group-000200000000-LeaderElection1] INFO  o.a.r.s.impl.ServerState:272 - 1@group-000200000000: change Leader from null to 1 at term 6 for becomeLeader, leader elected after 318ms 
2025-01-02 16:45:57,899 [1@group-000200000000-LeaderElection1] INFO  o.a.r.s.r.s.SegmentedRaftLogWorker:438 - 1@group-000200000000-SegmentedRaftLogWorker: Rolling segment log-15_18 to index:18 
2025-01-02 16:45:57,899 [main] INFO  o.a.i.c.s.m.MetricService:61 - Load metric reporters, type: [] 
2025-01-02 16:45:57,901 [1@group-000200000000-LeaderElection1] INFO  o.a.r.s.impl.ServerState:386 - 1@group-000200000000: set configuration conf: {index: 19, cur=peers:[1|iotdb:10750]|listeners:[], old=null} 
2025-01-02 16:45:57,902 [1@group-000200000000-SegmentedRaftLogWorker] INFO  o.a.r.s.r.s.SegmentedRaftLogWorker$FinalizeLogSegment:594 - 1@group-000200000000-SegmentedRaftLogWorker: Rolled log segment from /iotdb/data/datanode/consensus/schema_region/47474747-4747-4747-4747-000200000000/current/log_inprogress_15 to /iotdb/data/datanode/consensus/schema_region/47474747-4747-4747-4747-000200000000/current/log_15-18 
2025-01-02 16:45:57,906 [1@group-000200000000-SegmentedRaftLogWorker] INFO  o.a.r.s.r.s.BufferedWriteChannel:61 - open log_inprogress_19 at position 0 
2025-01-02 16:45:57,911 [main] INFO  o.a.i.c.s.m.MetricService:102 - MetricService start successfully. 
2025-01-02 16:45:57,911 [main] INFO  o.a.i.c.s.RegisterManager:54 - The Metrics ServerService service is started successfully, which takes 19 ms. 
2025-01-02 16:45:57,915 [1@group-000200000000-SegmentedRaftLogWorker] INFO  o.a.r.s.r.s.SegmentedRaftLogWorker$StartLogSegment:637 - 1@group-000200000000-SegmentedRaftLogWorker: created new log segment /iotdb/data/datanode/consensus/schema_region/47474747-4747-4747-4747-000200000000/current/log_inprogress_19 
2025-01-02 16:45:57,923 [1@group-000200000000-StateMachineUpdater] INFO  o.a.r.s.i.LeaderStateImpl$StartupLogEntry:316 - Leader 1@group-000200000000-LeaderStateImpl is ready since appliedIndex == startIndex == 19 
2025-01-02 16:45:57,924 [1@group-000200000000-StateMachineUpdater] INFO  o.a.i.d.c.s.s.SchemaRegionStateMachine:94 - Current node [nodeId: 1] becomes schema region leader [regionId: SchemaRegion[0]] 
2025-01-02 16:45:57,924 [1@group-000200000000-StateMachineUpdater] INFO  o.a.i.d.c.s.s.SchemaRegionStateMachine:102 - Current node [nodeId: 1] as schema region leader [regionId: SchemaRegion[0]] is ready to work 
2025-01-02 16:45:57,938 [main] INFO  o.a.i.c.c.IoTDBThreadPoolFactory:213 - new single scheduled thread pool: JVM-GC-Statistics-Monitor 
2025-01-02 16:45:57,953 [main] INFO  o.a.i.c.c.IoTDBThreadPoolFactory:71 - new fixed thread pool: MPP-Coordinator-Executor, thread number: 20 
2025-01-02 16:45:57,954 [main] INFO  o.a.i.c.c.IoTDBThreadPoolFactory:71 - new fixed thread pool: MPP-Coordinator-Write-Executor, thread number: 50 
2025-01-02 16:45:57,954 [main] INFO  o.a.i.c.c.IoTDBThreadPoolFactory:233 - new scheduled thread pool: MPP-Coordinator-Scheduled-Executor 
2025-01-02 16:45:57,961 [main] INFO  o.a.i.d.p.a.r.PipePeriodicalJobExecutor:75 - Pipe periodical job PipeWALResourceManager#ttlCheck() is registered successfully. Interval: 20 seconds. 
2025-01-02 16:45:57,964 [main] INFO  o.a.i.c.s.ThriftService:110 - IoTDB: start Internal Service... 
2025-01-02 16:45:57,969 [main] INFO  o.a.i.c.c.IoTDBThreadPoolFactory:213 - new single scheduled thread pool: ResourceControl-DataRegionDiskStatistics 
2025-01-02 16:45:57,982 [main] INFO  o.a.i.d.s.r.q.DataNodeSpaceQuotaManager:88 - Space quota limit restored succeeded. {} 
2025-01-02 16:45:57,988 [main] INFO  o.a.i.d.s.r.q.DataNodeThrottleQuotaManager:149 - Throttle quota limit restored successfully. TThrottleQuotaResp(status:TSStatus(code:200)) 
2025-01-02 16:45:58,013 [main] INFO  o.a.i.c.c.IoTDBThreadPoolFactory:270 - new SynchronousQueue thread pool: DataNodeInternalRPC-Processor 
2025-01-02 16:45:58,014 [DataNodeInternalRPC-Service] INFO  o.a.i.c.s.AbstractThriftServiceThread:302 - The Internal Service service thread begin to run... 
2025-01-02 16:45:58,117 [main] INFO  o.a.i.c.s.ThriftService:136 - IoTDB: start Internal Service successfully, listening on ip iotdb port 10730 
2025-01-02 16:45:58,118 [main] INFO  o.a.i.c.s.RegisterManager:54 - The Internal Service service is started successfully, which takes 154 ms. 
2025-01-02 16:45:58,119 [main] INFO  o.a.i.c.s.ThriftService:110 - IoTDB: start RPC ServerService... 
2025-01-02 16:45:58,134 [main] INFO  o.a.i.c.c.IoTDBThreadPoolFactory:270 - new SynchronousQueue thread pool: ClientRPC-Processor 
2025-01-02 16:45:58,135 [ClientRPC-Service] INFO  o.a.i.c.s.AbstractThriftServiceThread:302 - The RPC ServerService service thread begin to run... 
2025-01-02 16:45:58,239 [main] INFO  o.a.i.c.s.ThriftService:136 - IoTDB: start RPC ServerService successfully, listening on ip iotdb port 6667 
2025-01-02 16:45:58,240 [main] INFO  o.a.i.c.s.RegisterManager:54 - The RPC ServerService service is started successfully, which takes 121 ms. 
2025-01-02 16:45:58,241 [main] INFO  o.a.i.d.c.r.IoTDBRestServiceDescriptor:67 - Start to read config file file:/iotdb/conf/iotdb-datanode.properties 
2025-01-02 16:45:58,241 [main] INFO  o.a.i.d.c.r.IoTDBRestServiceDescriptor:67 - Start to read config file file:/iotdb/conf/iotdb-common.properties 
2025-01-02 16:45:58,242 [main] INFO  o.a.i.d.c.IoTDBStartCheck:431 - Serialize mutable system properties successfully, which takes 0 ms. 
2025-01-02 16:45:58,247 [main] INFO  o.a.i.db.service.DataNode:226 - IoTDB configuration: 
	WATERMARK_GROUPED_LSB=GroupBasedLSBMethod;
	CONFIG_NAME=iotdb-datanode.properties;
	logger=Logger[org.apache.iotdb.db.conf.IoTDBConfig];
	MULTI_DIR_STRATEGY_PREFIX=org.apache.iotdb.db.storageengine.rescon.disk.strategy.;
	CLUSTER_ALLOWED_MULTI_DIR_STRATEGIES=[SequenceStrategy, MaxDiskUsableSpaceFirstStrategy];
	DEFAULT_MULTI_DIR_STRATEGY=SequenceStrategy;
	enableMQTTService=false;
	mqttHost=iotdb;
	mqttPort=1883;
	mqttHandlerPoolSize=1;
	mqttPayloadFormatter=json;
	mqttMaxMessageSize=1048576;
	rpcAddress=iotdb;
	rpcThriftCompressionEnable=false;
	rpcAdvancedCompressionEnable=false;
	rpcPort=6667;
	enableSSL=false;
	keyStorePath=;
	keyStorePwd=;
	rpcSelectorThreadCount=1;
	rpcMinConcurrentClientNum=12;
	rpcMaxConcurrentClientNum=65535;
	allocateMemoryForStorageEngine=924844032;
	allocateMemoryForRead=924844032;
	allocateMemoryForSchema=308281344;
	allocateMemoryForConsensus=308281344;
	allocateMemoryForPipe=308281344;
	bufferedArraysMemoryProportion=0.6;
	flushProportion=0.4;
	rejectProportion=0.8;
	writeProportionForMemtable=0.76;
	compactionProportion=0.2;
	devicePathCacheProportion=0.05;
	writeMemoryVariationReportProportion=0.001;
	checkPeriodWhenInsertBlocked=50;
	maxWaitingTimeWhenInsertBlockedInMs=10000;
	maxOffHeapMemoryBytes=1027604480;
	walMode=ASYNC;
	maxWalNodesNum=0;
	walAsyncModeFsyncDelayInMs=1000;
	walSyncModeFsyncDelayInMs=3;
	walBufferSize=33554432;
	maxDirectBufferOffHeapMemorySizeProportion=0.8;
	walBufferQueueCapacity=500;
	walFileSizeThresholdInByte=31457280;
	checkpointFileSizeThresholdInByte=3145728;
	walMinEffectiveInfoRatio=0.1;
	walMemTableSnapshotThreshold=8388608;
	maxWalMemTableSnapshotNum=1;
	deleteWalFilesPeriodInMs=20000;
	mlogBufferSize=1048576;
	syncMlogPeriodInMs=100;
	tlogBufferSize=1048576;
	systemDir=/iotdb/data/datanode/system;
	schemaDir=/iotdb/data/datanode/system/schema;
	queryDir=/iotdb/data/datanode/systemquery/;
	extDir=/iotdb/ext;
	udfDir=/iotdb/ext/udf;
	udfTemporaryLibDir=/iotdb/ext/udf/tmp;
	triggerDir=/iotdb/ext/trigger;
	triggerTemporaryLibDir=/iotdb/ext/trigger/tmp;
	pipeDir=/iotdb/ext/pipe;
	pipeTemporaryLibDir=/iotdb/ext/pipe/tmp;
	extPipeDir=/iotdb/ext/extPipe;
	mqttDir=/iotdb/ext/mqtt;
	tierDataDirs=[/iotdb/data/datanode/data];;
	loadTsFileDir=/iotdb/data/datanode/data/load;
	multiDirStrategyClassName=org.apache.iotdb.db.storageengine.rescon.disk.strategy.SequenceStrategy;
	ratisDataRegionSnapshotDir=/iotdb/data/datanode/data/snapshot;
	consensusDir=/iotdb/data/datanode/consensus;
	dataRegionConsensusDir=/iotdb/data/datanode/consensus/data_region;
	invalidDataRegionConsensusDir=data/datanode/consensus/invalid_data_region;
	schemaRegionConsensusDir=/iotdb/data/datanode/consensus/schema_region;
	sortTmpDir=/iotdb/data/datanode/tmp;
	maxMemtableNumber=0;
	batchSize=100000;
	flushThreadCount=12;
	queryThreadCount=12;
	degreeOfParallelism=6;
	mergeThresholdOfExplainAnalyze=10;
	modeMapSizeThreshold=10000;
	maxAllowedConcurrentQueries=1000;
	windowEvaluationThreadCount=12;
	maxPendingWindowEvaluationTasks=64;
	enableIndex=false;
	concurrentIndexBuildThread=12;
	defaultIndexWindowRange=10;
	indexRootFolder=/iotdb/data/index;
	unSeqTsFileSize=0;
	seqTsFileSize=0;
	enableTimedFlushSeqMemtable=true;
	seqMemtableFlushInterval=600000;
	seqMemtableFlushCheckInterval=30000;
	enableTimedFlushUnseqMemtable=true;
	unseqMemtableFlushInterval=600000;
	unseqMemtableFlushCheckInterval=30000;
	tvListSortAlgorithm=TIM;
	avgSeriesPointNumberThreshold=100000;
	enableSeqSpaceCompaction=true;
	enableUnseqSpaceCompaction=true;
	enableCrossSpaceCompaction=true;
	sortBufferSize=1048576;
	innerSequenceCompactionSelector=SIZE_TIERED;
	innerSeqCompactionPerformer=READ_CHUNK;
	innerUnsequenceCompactionSelector=SIZE_TIERED;
	innerUnseqCompactionPerformer=FAST;
	crossCompactionSelector=REWRITE;
	crossCompactionPerformer=FAST;
	compactionPriority=BALANCE;
	chunkMetadataSizeProportion=0.1;
	targetCompactionFileSize=2147483648;
	targetChunkSize=1048576;
	targetChunkPointNum=100000;
	chunkSizeLowerBoundInCompaction=10240;
	chunkPointNumLowerBoundInCompaction=1000;
	compactionAcquireWriteLockTimeout=60000;
	fileLimitPerInnerTask=30;
	fileLimitPerCrossTask=500;
	totalFileLimitForCompactionTask=5000;
	maxCrossCompactionCandidateFileSize=5368709120;
	minCrossCompactionUnseqFileLevel=1;
	compactionScheduleIntervalInMs=60000;
	compactionSubmissionIntervalInMs=60000;
	subCompactionTaskNum=4;
	compactionScheduleThreadNum=4;
	enableTsFileValidation=false;
	candidateCompactionTaskQueueSize=50;
	innerCompactionTaskSelectionModsFileThreshold=10485760;
	innerCompactionTaskSelectionDiskRedundancy=0.05;
	globalCompactionFileInfoCacheSize=1000;
	metaDataCacheEnable=true;
	allocateMemoryForBloomFilterCache=923920;
	allocateMemoryForTimeSeriesMetaDataCache=184784022;
	allocateMemoryForChunkCache=92392011;
	allocateMemoryForCoordinator=46196005;
	allocateMemoryForOperators=184784022;
	allocateMemoryForDataExchange=184784022;
	maxBytesPerFragmentInstance=15398668;
	allocateMemoryForTimeIndex=184784022;
	allocateMemoryForTimePartitionInfo=36993761;
	enableQueryMemoryEstimation=true;
	mRemoteSchemaCacheSize=100000;
	languageVersion=EN;
	cacheFileReaderClearPeriod=100000;
	queryTimeoutThreshold=60000;
	sessionTimeoutThreshold=0;
	rpcImplClassName=org.apache.iotdb.db.protocol.thrift.impl.ClientRPCServiceImpl;
	clusterName=defaultCluster;
	clusterId=720364a3-f8db-404b-9ffa-077a156de77c;
	dataNodeId=1;
	chunkBufferPoolEnable=false;
	enableAutoCreateSchema=true;
	booleanStringInferType=BOOLEAN;
	integerStringInferType=DOUBLE;
	floatingStringInferType=DOUBLE;
	nanStringInferType=DOUBLE;
	defaultStorageGroupLevel=1;
	defaultBooleanEncoding=RLE;
	defaultInt32Encoding=TS_2DIFF;
	defaultInt64Encoding=TS_2DIFF;
	defaultFloatEncoding=GORILLA;
	defaultDoubleEncoding=GORILLA;
	defaultTextEncoding=PLAIN;
	settleThreadNum=1;
	crossCompactionFileSelectionTimeBudget=30000;
	mergeIntervalSec=0;
	compactionWriteThroughputMbPerSec=16;
	compactionReadThroughputMbPerSec=0;
	compactionReadOperationPerSec=0;
	compactionThreadCount=10;
	continuousQueryThreadNum=6;
	continuousQueryMinimumEveryInterval=1000;
	intoOperationBufferSizeInByte=104857600;
	selectIntoInsertTabletPlanRowLimit=10000;
	intoOperationExecutionThreadCount=2;
	tsFileStorageFs=LOCAL;
	enableHDFS=false;
	coreSitePath=/etc/hadoop/conf/core-site.xml;
	hdfsSitePath=/etc/hadoop/conf/hdfs-site.xml;
	hdfsIp=localhost;
	hdfsPort=9000;
	dfsNameServices=hdfsnamespace;
	dfsHaNamenodes=nn1,nn2;
	dfsHaAutomaticFailoverEnabled=true;
	dfsClientFailoverProxyProvider=org.apache.hadoop.hdfs.server.namenode.ha.ConfiguredFailoverProxyProvider;
	useKerberos=false;
	kerberosKeytabFilePath=/path;
	kerberosPrincipal=your principal;
	defaultFillInterval=-1;
	primitiveArraySize=64;
	timeIndexLevel=DEVICE_TIME_INDEX;
	thriftServerAwaitTimeForStopService=60;
	tagAttributeFlushInterval=1000;
	enablePartialInsert=true;
	enable13DataInsertAdapt=false;
	udfInitialByteArrayLengthForMemoryControl=48;
	udfMemoryBudgetInMB=30.0;
	udfReaderMemoryBudgetInMB=10.0;
	udfTransformerMemoryBudgetInMB=10.0;
	udfCollectorMemoryBudgetInMB=10.0;
	thriftMaxFrameSize=536870912;
	thriftDefaultBufferSize=1024;
	slowQueryThreshold=30000;
	patternMatchingThreshold=1000000;
	enableRpcService=true;
	ioTaskQueueSizeForFlushing=10;
	dataRegionNum=1;
	recoveryLogIntervalInMs=5000;
	enableSeparateData=true;
	deviceIDTransformationMethod=Plain;
	enableIDTableLogFile=false;
	cachedMNodeSizeInPBTreeMode=-1;
	minimumSegmentInPBTree=0;
	pageCacheSizeInPBTree=1024;
	pbTreeLogSize=16384;
	maxMeasurementNumOfInternalRequest=10000;
	internalAddress=iotdb;
	internalPort=10730;
	dataRegionConsensusPort=10760;
	schemaRegionConsensusPort=10750;
	seedConfigNode=TEndPoint(ip:iotdb, port:10710);
	joinClusterRetryIntervalMs=5000;
	dataRegionConsensusProtocolClass=org.apache.iotdb.consensus.iot.IoTConsensus;
	schemaRegionConsensusProtocolClass=org.apache.iotdb.consensus.ratis.RatisConsensus;
	seriesPartitionExecutorClass=org.apache.iotdb.commons.partition.executor.hash.BKDRHashExecutor;
	seriesPartitionSlotNum=1000;
	mppDataExchangePort=10740;
	mppDataExchangeCorePoolSize=10;
	mppDataExchangeMaxPoolSize=10;
	mppDataExchangeKeepAliveTimeInMs=1000;
	connectionTimeoutInMS=60000;
	selectorNumOfClientManager=3;
	maxClientNumForEachNode=300;
	partitionCacheSize=1000;
	authorCacheSize=100;
	authorCacheExpireTime=30;
	triggerForwardMaxQueueNumber=8;
	triggerForwardMaxSizePerQueue=2000;
	triggerForwardBatchSize=50;
	triggerForwardHTTPPoolSize=200;
	triggerForwardHTTPPOOLMaxPerRoute=20;
	triggerForwardMQTTPoolSize=4;
	retryNumToFindStatefulTrigger=3;
	coordinatorReadExecutorSize=20;
	coordinatorWriteExecutorSize=50;
	schemaMemoryProportion=[I@429f0ca8;
	allocateMemoryForSchemaRegion=154140672;
	allocateMemoryForSchemaCache=123312537;
	allocateMemoryForPartitionCache=30828134;
	dataNodeSchemaCacheEvictionPolicy=FIFO;
	readConsistencyLevel=strong;
	driverTaskExecutionTimeSliceInMs=200;
	throttleThreshold=53687091200;
	cacheWindowTimeInMs=10000;
	dataRatisConsensusLogAppenderBufferSizeMax=16777216;
	schemaRatisConsensusLogAppenderBufferSizeMax=16777216;
	dataRatisConsensusSnapshotTriggerThreshold=400000;
	schemaRatisConsensusSnapshotTriggerThreshold=400000;
	dataRatisConsensusLogUnsafeFlushEnable=false;
	schemaRatisConsensusLogUnsafeFlushEnable=false;
	dataRatisConsensusLogForceSyncNum=128;
	schemaRatisConsensusLogForceSyncNum=128;
	dataRatisConsensusLogSegmentSizeMax=25165824;
	schemaRatisConsensusLogSegmentSizeMax=25165824;
	dataRatisConsensusGrpcFlowControlWindow=4194304;
	schemaRatisConsensusGrpcFlowControlWindow=4194304;
	dataRatisConsensusGrpcLeaderOutstandingAppendsMax=128;
	schemaRatisConsensusGrpcLeaderOutstandingAppendsMax=128;
	dataRatisConsensusLeaderElectionTimeoutMinMs=2000;
	schemaRatisConsensusLeaderElectionTimeoutMinMs=2000;
	dataRatisConsensusLeaderElectionTimeoutMaxMs=4000;
	schemaRatisConsensusLeaderElectionTimeoutMaxMs=4000;
	cqMinEveryIntervalInMs=1000;
	dataRatisConsensusRequestTimeoutMs=10000;
	schemaRatisConsensusRequestTimeoutMs=10000;
	dataRatisConsensusMaxRetryAttempts=10;
	schemaRatisConsensusMaxRetryAttempts=10;
	dataRatisConsensusInitialSleepTimeMs=100;
	schemaRatisConsensusInitialSleepTimeMs=100;
	dataRatisConsensusMaxSleepTimeMs=10000;
	schemaRatisConsensusMaxSleepTimeMs=10000;
	dataRatisConsensusPreserveWhenPurge=1000;
	schemaRatisConsensusPreserveWhenPurge=1000;
	ratisFirstElectionTimeoutMinMs=50;
	ratisFirstElectionTimeoutMaxMs=150;
	dataRatisLogMax=21474836480;
	schemaRatisLogMax=2147483648;
	dataRatisPeriodicSnapshotInterval=86400;
	schemaRatisPeriodicSnapshotInterval=86400;
	enableAuditLog=false;
	auditLogStorage=[IOTDB, LOGGER];
	auditLogOperation=[DML, DDL, QUERY];
	enableAuditLogForNativeInsertApi=true;
	customizedProperties={};
	maxLogEntriesNumPerBatch=1024;
	maxSizePerBatch=16777216;
	maxPendingBatchesNum=5;
	maxMemoryRatioForQueue=0.6;
	regionMigrationSpeedLimitBytesPerSecond=33554432;
	maxAllocateMemoryRatioForLoad=0.8;
	loadTsFileAnalyzeSchemaBatchFlushTimeSeriesNumber=4096;
	loadTsFileAnalyzeSchemaMemorySizeInBytes=0;
	loadMemoryAllocateRetryIntervalMs=1000;
	loadMemoryAllocateMaxRetries=5;
	loadCleanupTaskExecutionDelayTimeSeconds=1800;
	pipeReceiverFileDirs=[/iotdb/data/datanode/system/pipe/receiver];
	quotaEnable=false;
	RateLimiterType=FixedIntervalRateLimiter; 
2025-01-02 16:45:58,248 [main] INFO  o.a.i.db.service.DataNode:227 - Congratulations, IoTDB DataNode is set up successfully. Now, enjoy yourself! 
2025-01-02 16:49:57,803 [1-server-thread1] INFO  o.a.r.s.i.RaftServerImpl:1236 - 1@group-000200000000: takeSnapshotAsync SnapshotManagementRequest:client-497F9CBA03F7->1@group-000200000000, cid=2, seq=null, RO, null, Create: 
2025-01-02 16:49:57,808 [1-server-thread1] INFO  o.a.ratis.conf.ConfUtils:46 - raft.server.snapshot.creation.gap = 1024 (default) 
2025-01-02 17:00:11,198 [IoTDB-Shutdown-Hook] INFO  o.a.i.d.s.IoTDBShutdownHook:58 - DataNode exiting... 
2025-01-02 17:00:11,203 [IoTDB-Shutdown-Hook] INFO  o.a.i.c.s.ThriftService:159 - IoTDB: closing RPC ServerService... 
2025-01-02 17:00:11,204 [IoTDB-Shutdown-Hook] INFO  o.a.i.c.s.ThriftService:166 - IoTDB: close RPC ServerService successfully 
2025-01-02 17:00:11,207 [IoTDB-Shutdown-Hook] INFO  o.a.i.c.conf.CommonConfig:483 - Set system mode from Running to ReadOnly. 
2025-01-02 17:00:11,209 [IoTDB-Shutdown-Hook] WARN  o.a.i.c.conf.CommonConfig:489 - Change system status to ReadOnly! Only query statements are permitted! 
2025-01-02 17:00:11,220 [IoTDB-Shutdown-Hook] INFO  o.a.i.d.s.StorageEngine:480 - Start closing all database processor 
2025-01-02 17:00:11,227 [IoTDB-Shutdown-Hook] INFO  o.a.r.s.i.RaftServerProxy:418 - 1: close 
2025-01-02 17:00:11,230 [1-impl-thread2] INFO  o.a.r.s.i.RaftServerImpl:501 - 1@group-000200000000: shutdown 
2025-01-02 17:00:11,230 [IoTDB-Shutdown-Hook] INFO  o.a.r.g.s.GrpcService:311 - 1: shutdown server GrpcServerProtocolService now 
2025-01-02 17:00:11,231 [1-impl-thread2] INFO  o.a.r.util.JmxRegister:74 - Successfully un-registered JMX Bean with object name Ratis:service=RaftServer,group=group-000200000000,id=1 
2025-01-02 17:00:11,231 [1-impl-thread2] INFO  o.a.r.s.impl.RoleInfo:103 - 1: shutdown 1@group-000200000000-LeaderStateImpl 
2025-01-02 17:00:11,233 [1-impl-thread2] INFO  o.a.r.s.i.PendingRequests:287 - 1@group-000200000000-PendingRequests: sendNotLeaderResponses 
2025-01-02 17:00:11,245 [1-impl-thread2] INFO  o.a.r.s.i.StateMachineUpdater:164 - 1@group-000200000000-StateMachineUpdater: set stopIndex = 22 
2025-01-02 17:00:11,247 [1@group-000200000000-StateMachineUpdater] INFO  o.a.i.d.s.s.i.SchemaRegionMemoryImpl:434 - Start create snapshot of schemaRegion SchemaRegion[0] 
2025-01-02 17:00:11,255 [1@group-000200000000-StateMachineUpdater] INFO  o.a.i.d.s.s.i.SchemaRegionMemoryImpl:440 - MTree snapshot creation of schemaRegion SchemaRegion[0] costs 7ms. 
2025-01-02 17:00:11,262 [IoTDB-Shutdown-Hook] INFO  o.a.r.g.s.GrpcService:320 - 1: shutdown server GrpcServerProtocolService successfully 
2025-01-02 17:00:11,263 [1@group-000200000000-StateMachineUpdater] INFO  o.a.i.d.s.s.i.SchemaRegionMemoryImpl:447 - Tag snapshot creation of schemaRegion SchemaRegion[0] costs 8ms. 
2025-01-02 17:00:11,264 [1@group-000200000000-StateMachineUpdater] INFO  o.a.i.d.s.s.i.SchemaRegionMemoryImpl:452 - Snapshot creation of schemaRegion SchemaRegion[0] costs 16ms. 
2025-01-02 17:00:11,264 [1@group-000200000000-StateMachineUpdater] INFO  o.a.i.d.s.s.i.SchemaRegionMemoryImpl:456 - Successfully create snapshot of schemaRegion SchemaRegion[0] 
2025-01-02 17:00:11,281 [1@group-000200000000-StateMachineUpdater] INFO  o.a.r.s.i.StateMachineUpdater:303 - 1@group-000200000000-StateMachineUpdater: Took a snapshot at index 22 
2025-01-02 17:00:11,281 [1@group-000200000000-StateMachineUpdater] INFO  o.a.r.s.i.StateMachineUpdater:102 - 1@group-000200000000-StateMachineUpdater: snapshotIndex: updateIncreasingly 18 -> 22 
2025-01-02 17:00:11,282 [1@group-000200000000-StateMachineUpdater] INFO  o.a.r.s.i.StateMachineUpdater:141 - 1@group-000200000000-StateMachineUpdater: closing ApplicationStateMachineProxy, lastApplied=(t:6, i:22) 
2025-01-02 17:00:11,289 [1@group-000200000000-cacheEviction-AwaitToRun] INFO  o.a.r.u.AwaitToRun$RunnableImpl:49 - 1@group-000200000000-cacheEviction-AwaitToRun-AwaitForSignal is interrupted 
2025-01-02 17:00:11,673 [1-impl-thread2] INFO  o.a.r.s.r.s.SegmentedRaftLogWorker:248 - 1@group-000200000000-SegmentedRaftLogWorker close() 
2025-01-02 17:00:11,687 [JvmPauseMonitor0] INFO  o.a.r.u.JvmPauseMonitor:152 - JvmPauseMonitor-1: Stopped 
2025-01-02 17:00:11,694 [IoTDB-Shutdown-Hook] INFO  o.a.i.c.s.ThriftService:159 - IoTDB: closing IoTConsensus Service... 
2025-01-02 17:00:11,697 [IoTDB-Shutdown-Hook] INFO  o.a.i.c.s.ThriftService:166 - IoTDB: close IoTConsensus Service successfully 
2025-01-02 17:00:11,698 [IoTDB-Shutdown-Hook] INFO  o.a.i.c.s.RegisterManager:73 - deregister all service. 
2025-01-02 17:00:11,703 [IoTDB-Shutdown-Hook] INFO  o.a.i.c.conf.CommonConfig:483 - Set system mode from ReadOnly to Unknown. 
2025-01-02 17:00:11,711 [IoTDB-Shutdown-Hook] INFO  o.a.i.c.c.ThriftClient:91 - Broken pipe error happened in sending RPC, we need to clear all previous cached connection, error msg is java.net.ConnectException: Connection refused (Connection refused) 
2025-01-02 17:00:11,712 [IoTDB-Shutdown-Hook] WARN  o.a.i.d.p.c.ConfigNodeClient:238 - The current node may have been down TEndPoint(ip:iotdb, port:10710),try next node 
2025-01-02 17:00:11,713 [IoTDB-Shutdown-Hook] INFO  o.a.i.c.c.ThriftClient:91 - Broken pipe error happened in sending RPC, we need to clear all previous cached connection, error msg is java.net.ConnectException: Connection refused (Connection refused) 
2025-01-02 17:00:11,713 [IoTDB-Shutdown-Hook] WARN  o.a.i.d.p.c.ConfigNodeClient:263 - The current node may have been down TEndPoint(ip:iotdb, port:10710),try next node 
2025-01-02 17:00:13,717 [IoTDB-Shutdown-Hook] INFO  o.a.i.c.c.ThriftClient:91 - Broken pipe error happened in sending RPC, we need to clear all previous cached connection, error msg is java.net.ConnectException: Connection refused (Connection refused) 
2025-01-02 17:00:13,719 [IoTDB-Shutdown-Hook] WARN  o.a.i.d.p.c.ConfigNodeClient:263 - The current node may have been down TEndPoint(ip:iotdb, port:10710),try next node 
2025-01-02 17:00:13,722 [IoTDB-Shutdown-Hook] ERROR o.a.i.d.s.IoTDBShutdownHook:133 - Failed to borrow ConfigNodeClient 
org.apache.iotdb.commons.client.exception.ClientManagerException: net.sf.cglib.core.CodeGenerationException: org.apache.thrift.TException-->Fail to connect to any config node. Please check status of ConfigNodes or logs of connected DataNode
	at org.apache.iotdb.commons.client.ClientManager.borrowClient(ClientManager.java:55)
	at org.apache.iotdb.db.service.IoTDBShutdownHook.run(IoTDBShutdownHook.java:123)
Caused by: net.sf.cglib.core.CodeGenerationException: org.apache.thrift.TException-->Fail to connect to any config node. Please check status of ConfigNodes or logs of connected DataNode
	at net.sf.cglib.core.ReflectUtils.newInstance(ReflectUtils.java:298)
	at net.sf.cglib.proxy.Enhancer$EnhancerFactoryData.newInstance(Enhancer.java:448)
	at net.sf.cglib.proxy.Enhancer.nextInstance(Enhancer.java:700)
	at net.sf.cglib.core.AbstractClassGenerator.create(AbstractClassGenerator.java:298)
	at net.sf.cglib.proxy.Enhancer.createHelper(Enhancer.java:480)
	at net.sf.cglib.proxy.Enhancer.create(Enhancer.java:324)
	at org.apache.iotdb.commons.client.sync.SyncThriftClientWithErrorHandler.newErrorHandler(SyncThriftClientWithErrorHandler.java:47)
	at org.apache.iotdb.db.protocol.client.ConfigNodeClient$Factory.makeObject(ConfigNodeClient.java:1087)
	at org.apache.iotdb.db.protocol.client.ConfigNodeClient$Factory.makeObject(ConfigNodeClient.java:1069)
	at org.apache.commons.pool2.impl.GenericKeyedObjectPool.create(GenericKeyedObjectPool.java:780)
	at org.apache.commons.pool2.impl.GenericKeyedObjectPool.borrowObject(GenericKeyedObjectPool.java:439)
	at org.apache.commons.pool2.impl.GenericKeyedObjectPool.borrowObject(GenericKeyedObjectPool.java:350)
	at org.apache.iotdb.commons.client.ClientManager.borrowClient(ClientManager.java:53)
	... 1 common frames omitted
Caused by: org.apache.thrift.TException: Fail to connect to any config node. Please check status of ConfigNodes or logs of connected DataNode
	at org.apache.iotdb.db.protocol.client.ConfigNodeClient.tryToConnect(ConfigNodeClient.java:267)
	at org.apache.iotdb.db.protocol.client.ConfigNodeClient.connectAndSync(ConfigNodeClient.java:228)
	at org.apache.iotdb.db.protocol.client.ConfigNodeClient.<init>(ConfigNodeClient.java:202)
	at org.apache.iotdb.db.protocol.client.ConfigNodeClient$$EnhancerByCGLIB$$c22e8340.<init>(<generated>)
	at java.base/jdk.internal.reflect.NativeConstructorAccessorImpl.newInstance0(Native Method)
	at java.base/jdk.internal.reflect.NativeConstructorAccessorImpl.newInstance(Unknown Source)
	at java.base/jdk.internal.reflect.DelegatingConstructorAccessorImpl.newInstance(Unknown Source)
	at java.base/java.lang.reflect.Constructor.newInstance(Unknown Source)
	at net.sf.cglib.core.ReflectUtils.newInstance(ReflectUtils.java:291)
	... 13 common frames omitted
2025-01-02 17:00:13,742 [IoTDB-Shutdown-Hook] ERROR o.a.i.d.s.IoTDBShutdownHook:138 - Reporting DataNode shutdown failed. The cluster will still take the current DataNode as Running for a few seconds. 
2025-01-02 17:00:13,745 [IoTDB-Shutdown-Hook] INFO  o.a.i.d.s.IoTDBShutdownHook:143 - DataNode exits. Jvm memory usage: 0 GB 120 MB 206 KB 520 B 
